


ARM Macro Assembler    Page 1 


    1 00000000         ;*******************************************************
                       ************************
    2 00000000         ;* File Name          : startup_stm32l552xx.s
    3 00000000         ;* Author             : MCD Application Team
    4 00000000         ;* Description        : STM32L552xx Ultra Low Power devi
                       ces vector table for MDK-ARM toolchain.
    5 00000000         ;*                      This module performs:
    6 00000000         ;*                      - Set the initial SP
    7 00000000         ;*                      - Set the initial PC == Reset_Ha
                       ndler
    8 00000000         ;*                      - Set the vector table entries w
                       ith the exceptions ISR address
    9 00000000         ;*                      - Branches to __main in the C li
                       brary (which eventually
   10 00000000         ;*                        calls main()).
   11 00000000         ;*                      After Reset the Cortex-M33 proce
                       ssor is in Thread mode,
   12 00000000         ;*                      priority is Privileged, and the 
                       Stack is set to Main.
   13 00000000         ;*******************************************************
                       ************************
   14 00000000         ;*
   15 00000000         ;* <h2><center>&copy; Copyright (c) 2019 STMicroelectron
                       ics.
   16 00000000         ;* All rights reserved.</center></h2>
   17 00000000         ;*
   18 00000000         ;* This software component is licensed by ST under Apach
                       e License, Version 2.0,
   19 00000000         ;* the "License"; You may not use this file except in co
                       mpliance with the
   20 00000000         ;* License. You may obtain a copy of the License at:
   21 00000000         ;*                        opensource.org/licenses/Apache
                       -2.0
   22 00000000         ;*
   23 00000000         ;*******************************************************
                       ************************
   24 00000000         ;* <<< Use Configuration Wizard in Context Menu >>>
   25 00000000         ;
   26 00000000         ; Amount of memory (in bytes) allocated for Stack
   27 00000000         ; Tailor this value to your application needs
   28 00000000         ; <h> Stack Configuration
   29 00000000         ;   <o> Stack Size (in Bytes) <0x0-0xFFFFFFFF:8>
   30 00000000         ; </h>
   31 00000000         
   32 00000000 00000400 
                       Stack_Size
                               EQU              0x00000400
   33 00000000         
   34 00000000                 AREA             STACK, NOINIT, READWRITE, ALIGN
=3
   35 00000000         Stack_Mem
                               SPACE            Stack_Size
   36 00000400         __initial_sp
   37 00000400         
   38 00000400         
   39 00000400         ; <h> Heap Configuration
   40 00000400         ;   <o>  Heap Size (in Bytes) <0x0-0xFFFFFFFF:8>
   41 00000400         ; </h>
   42 00000400         



ARM Macro Assembler    Page 2 


   43 00000400 00000200 
                       Heap_Size
                               EQU              0x00000200
   44 00000400         
   45 00000400                 AREA             HEAP, NOINIT, READWRITE, ALIGN=
3
   46 00000000         __heap_base
   47 00000000         Heap_Mem
                               SPACE            Heap_Size
   48 00000200         __heap_limit
   49 00000200         
   50 00000200         
   51 00000200                 PRESERVE8
   52 00000200                 THUMB
   53 00000200         
   54 00000200         
   55 00000200         ; Vector Table Mapped to Address 0 at Reset
   56 00000200         
   57 00000200                 AREA             RESET, DATA, READONLY
   58 00000000                 EXPORT           __Vectors
   59 00000000                 EXPORT           __Vectors_End
   60 00000000                 EXPORT           __Vectors_Size
   61 00000000         
   62 00000000 00000000 
                       __Vectors
                               DCD              __initial_sp ; Top of Stack
   63 00000004 00000000        DCD              Reset_Handler ; Reset Handler
   64 00000008 00000000        DCD              NMI_Handler ; NMI Handler
   65 0000000C 00000000        DCD              HardFault_Handler ; Hard Fault 
                                                            Handler
   66 00000010 00000000        DCD              MemManage_Handler 
                                                            ; MPU Fault Handler
                                                            
   67 00000014 00000000        DCD              BusFault_Handler 
                                                            ; Bus Fault Handler
                                                            
   68 00000018 00000000        DCD              UsageFault_Handler ; Usage Faul
                                                            t Handler
   69 0000001C 00000000        DCD              SecureFault_Handler ; Secure Fa
                                                            ult Handler
   70 00000020 00000000        DCD              0           ; Reserved
   71 00000024 00000000        DCD              0           ; Reserved
   72 00000028 00000000        DCD              0           ; Reserved
   73 0000002C 00000000        DCD              SVC_Handler ; SVCall Handler
   74 00000030 00000000        DCD              DebugMon_Handler ; Debug Monito
                                                            r Handler
   75 00000034 00000000        DCD              0           ; Reserved
   76 00000038 00000000        DCD              PendSV_Handler ; PendSV Handler
                                                            
   77 0000003C 00000000        DCD              SysTick_Handler 
                                                            ; SysTick Handler
   78 00000040         
   79 00000040         ; External Interrupts
   80 00000040 00000000        DCD              WWDG_IRQHandler 
                                                            ; Window WatchDog
   81 00000044 00000000        DCD              PVD_PVM_IRQHandler ; PVD/PVM1/P
                                                            VM2/PVM3/PVM4 throu
                                                            gh EXTI Line detect
                                                            ion



ARM Macro Assembler    Page 3 


   82 00000048 00000000        DCD              RTC_IRQHandler ; RTC non-secure
                                                             interrupts through
                                                             the EXTI line
   83 0000004C 00000000        DCD              RTC_S_IRQHandler ; RTC secure i
                                                            nterrupts through t
                                                            he EXTI line
   84 00000050 00000000        DCD              TAMP_IRQHandler ; Tamper non-se
                                                            cure interrupts thr
                                                            ough the EXTI line
   85 00000054 00000000        DCD              TAMP_S_IRQHandler ; Tamper secu
                                                            re interrupts throu
                                                            gh the EXTI line
   86 00000058 00000000        DCD              FLASH_IRQHandler ; FLASH non-se
                                                            cure interrupts
   87 0000005C 00000000        DCD              FLASH_S_IRQHandler ; FLASH secu
                                                            re global interrupt
                                                            s
   88 00000060 00000000        DCD              GTZC_IRQHandler ; GTZC global i
                                                            nterrupts
   89 00000064 00000000        DCD              RCC_IRQHandler ; RCC non-secure
                                                             global interrupts
   90 00000068 00000000        DCD              RCC_S_IRQHandler ; RCC secure g
                                                            lobal interrupts
   91 0000006C 00000000        DCD              EXTI0_IRQHandler ; EXTI Line0
   92 00000070 00000000        DCD              EXTI1_IRQHandler ; EXTI Line1
   93 00000074 00000000        DCD              EXTI2_IRQHandler ; EXTI Line2
   94 00000078 00000000        DCD              EXTI3_IRQHandler ; EXTI Line3
   95 0000007C 00000000        DCD              EXTI4_IRQHandler ; EXTI Line4
   96 00000080 00000000        DCD              EXTI5_IRQHandler ; EXTI Line5
   97 00000084 00000000        DCD              EXTI6_IRQHandler ; EXTI Line6
   98 00000088 00000000        DCD              EXTI7_IRQHandler ; EXTI Line7
   99 0000008C 00000000        DCD              EXTI8_IRQHandler ; EXTI Line8
  100 00000090 00000000        DCD              EXTI9_IRQHandler ; EXTI Line9
  101 00000094 00000000        DCD              EXTI10_IRQHandler ; EXTI Line10
                                                            
  102 00000098 00000000        DCD              EXTI11_IRQHandler ; EXTI Line11
                                                            
  103 0000009C 00000000        DCD              EXTI12_IRQHandler ; EXTI Line12
                                                            
  104 000000A0 00000000        DCD              EXTI13_IRQHandler ; EXTI Line13
                                                            
  105 000000A4 00000000        DCD              EXTI14_IRQHandler ; EXTI Line14
                                                            
  106 000000A8 00000000        DCD              EXTI15_IRQHandler ; EXTI Line15
                                                            
  107 000000AC 00000000        DCD              DMAMUX1_IRQHandler ; DMAMUX1 no
                                                            n-secure
  108 000000B0 00000000        DCD              DMAMUX1_S_IRQHandler 
                                                            ; DMAMUX1 secure
  109 000000B4 00000000        DCD              DMA1_Channel1_IRQHandler 
                                                            ; DMA1 Channel 1
  110 000000B8 00000000        DCD              DMA1_Channel2_IRQHandler 
                                                            ; DMA1 Channel 2
  111 000000BC 00000000        DCD              DMA1_Channel3_IRQHandler 
                                                            ; DMA1 Channel 3
  112 000000C0 00000000        DCD              DMA1_Channel4_IRQHandler 
                                                            ; DMA1 Channel 4
  113 000000C4 00000000        DCD              DMA1_Channel5_IRQHandler 
                                                            ; DMA1 Channel 5



ARM Macro Assembler    Page 4 


  114 000000C8 00000000        DCD              DMA1_Channel6_IRQHandler 
                                                            ; DMA1 Channel 6
  115 000000CC 00000000        DCD              DMA1_Channel7_IRQHandler 
                                                            ; DMA1 Channel 7
  116 000000D0 00000000        DCD              DMA1_Channel8_IRQHandler 
                                                            ; DMA1 Channel 8
  117 000000D4 00000000        DCD              ADC1_2_IRQHandler ; ADC1 & ADC2
                                                            
  118 000000D8 00000000        DCD              DAC_IRQHandler ; DAC1&2 underru
                                                            n errors
  119 000000DC 00000000        DCD              FDCAN1_IT0_IRQHandler ; FDCAN1 
                                                            Interrupt 0
  120 000000E0 00000000        DCD              FDCAN1_IT1_IRQHandler ; FDCAN1 
                                                            Interrupt 1
  121 000000E4 00000000        DCD              TIM1_BRK_IRQHandler 
                                                            ; TIM1 Break
  122 000000E8 00000000        DCD              TIM1_UP_IRQHandler 
                                                            ; TIM1 Update
  123 000000EC 00000000        DCD              TIM1_TRG_COM_IRQHandler ; TIM1 
                                                            Trigger and Commuta
                                                            tion
  124 000000F0 00000000        DCD              TIM1_CC_IRQHandler ; TIM1 Captu
                                                            re Compare
  125 000000F4 00000000        DCD              TIM2_IRQHandler ; TIM2
  126 000000F8 00000000        DCD              TIM3_IRQHandler ; TIM3
  127 000000FC 00000000        DCD              TIM4_IRQHandler ; TIM4
  128 00000100 00000000        DCD              TIM5_IRQHandler ; TIM5
  129 00000104 00000000        DCD              TIM6_IRQHandler ; TIM6
  130 00000108 00000000        DCD              TIM7_IRQHandler ; TIM7
  131 0000010C 00000000        DCD              TIM8_BRK_IRQHandler 
                                                            ; TIM8 Break
  132 00000110 00000000        DCD              TIM8_UP_IRQHandler 
                                                            ; TIM8 Update
  133 00000114 00000000        DCD              TIM8_TRG_COM_IRQHandler ; TIM8 
                                                            Trigger and Commuta
                                                            tion
  134 00000118 00000000        DCD              TIM8_CC_IRQHandler ; TIM8 Captu
                                                            re Compare
  135 0000011C 00000000        DCD              I2C1_EV_IRQHandler ; I2C1 Event
                                                            
  136 00000120 00000000        DCD              I2C1_ER_IRQHandler ; I2C1 Error
                                                            
  137 00000124 00000000        DCD              I2C2_EV_IRQHandler ; I2C2 Event
                                                            
  138 00000128 00000000        DCD              I2C2_ER_IRQHandler ; I2C2 Error
                                                            
  139 0000012C 00000000        DCD              SPI1_IRQHandler ; SPI1
  140 00000130 00000000        DCD              SPI2_IRQHandler ; SPI2
  141 00000134 00000000        DCD              USART1_IRQHandler ; USART1
  142 00000138 00000000        DCD              USART2_IRQHandler ; USART2
  143 0000013C 00000000        DCD              USART3_IRQHandler ; USART3
  144 00000140 00000000        DCD              UART4_IRQHandler ; UART4
  145 00000144 00000000        DCD              UART5_IRQHandler ; UART5
  146 00000148 00000000        DCD              LPUART1_IRQHandler ; LP UART1
  147 0000014C 00000000        DCD              LPTIM1_IRQHandler ; LP TIM1
  148 00000150 00000000        DCD              LPTIM2_IRQHandler ; LP TIM2
  149 00000154 00000000        DCD              TIM15_IRQHandler ; TIM15
  150 00000158 00000000        DCD              TIM16_IRQHandler ; TIM16
  151 0000015C 00000000        DCD              TIM17_IRQHandler ; TIM17



ARM Macro Assembler    Page 5 


  152 00000160 00000000        DCD              COMP_IRQHandler ; COMP1&2
  153 00000164 00000000        DCD              USB_FS_IRQHandler ; USB FS
  154 00000168 00000000        DCD              CRS_IRQHandler ; CRS
  155 0000016C 00000000        DCD              FMC_IRQHandler ; FMC
  156 00000170 00000000        DCD              OCTOSPI1_IRQHandler ; OctoSPI1 
                                                            global interrupt
  157 00000174 00000000        DCD              0           ; Reserved
  158 00000178 00000000        DCD              SDMMC1_IRQHandler ; SDMMC1
  159 0000017C 00000000        DCD              0           ; Reserved
  160 00000180 00000000        DCD              DMA2_Channel1_IRQHandler 
                                                            ; DMA2 Channel 1
  161 00000184 00000000        DCD              DMA2_Channel2_IRQHandler 
                                                            ; DMA2 Channel 2
  162 00000188 00000000        DCD              DMA2_Channel3_IRQHandler 
                                                            ; DMA2 Channel 3
  163 0000018C 00000000        DCD              DMA2_Channel4_IRQHandler 
                                                            ; DMA2 Channel 4
  164 00000190 00000000        DCD              DMA2_Channel5_IRQHandler 
                                                            ; DMA2 Channel 5
  165 00000194 00000000        DCD              DMA2_Channel6_IRQHandler 
                                                            ; DMA2 Channel 6
  166 00000198 00000000        DCD              DMA2_Channel7_IRQHandler 
                                                            ; DMA2 Channel 7
  167 0000019C 00000000        DCD              DMA2_Channel8_IRQHandler 
                                                            ; DMA2 Channel 8
  168 000001A0 00000000        DCD              I2C3_EV_IRQHandler ; I2C3 event
                                                            
  169 000001A4 00000000        DCD              I2C3_ER_IRQHandler ; I2C3 error
                                                            
  170 000001A8 00000000        DCD              SAI1_IRQHandler ; Serial Audio 
                                                            Interface 1 global 
                                                            interrupt
  171 000001AC 00000000        DCD              SAI2_IRQHandler ; Serial Audio 
                                                            Interface 2 global 
                                                            interrupt
  172 000001B0 00000000        DCD              TSC_IRQHandler ; Touch Sense Co
                                                            ntroller global int
                                                            errupt
  173 000001B4 00000000        DCD              0           ; Reserved
  174 000001B8 00000000        DCD              RNG_IRQHandler ; RNG global int
                                                            errupt
  175 000001BC 00000000        DCD              FPU_IRQHandler ; FPU
  176 000001C0 00000000        DCD              HASH_IRQHandler ; HASH
  177 000001C4 00000000        DCD              0           ; Reserved
  178 000001C8 00000000        DCD              LPTIM3_IRQHandler ; LP TIM3
  179 000001CC 00000000        DCD              SPI3_IRQHandler ; SPI3
  180 000001D0 00000000        DCD              I2C4_ER_IRQHandler ; I2C4 error
                                                            
  181 000001D4 00000000        DCD              I2C4_EV_IRQHandler ; I2C4 event
                                                            
  182 000001D8 00000000        DCD              DFSDM1_FLT0_IRQHandler ; DFSDM1
                                                             Filter 0 global In
                                                            terrupt
  183 000001DC 00000000        DCD              DFSDM1_FLT1_IRQHandler ; DFSDM1
                                                             Filter 1 global In
                                                            terrupt
  184 000001E0 00000000        DCD              DFSDM1_FLT2_IRQHandler ; DFSDM1
                                                             Filter 2 global In
                                                            terrupt



ARM Macro Assembler    Page 6 


  185 000001E4 00000000        DCD              DFSDM1_FLT3_IRQHandler ; DFSDM1
                                                             Filter 3 global In
                                                            terrupt
  186 000001E8 00000000        DCD              UCPD1_IRQHandler ; UCPD1
  187 000001EC 00000000        DCD              ICACHE_IRQHandler ; ICACHE
  188 000001F0 00000000        DCD              0           ; Reserved
  189 000001F4         __Vectors_End
  190 000001F4         
  191 000001F4 000001F4 
                       __Vectors_Size
                               EQU              __Vectors_End - __Vectors
  192 000001F4         
  193 000001F4                 AREA             |.text|, CODE, READONLY
  194 00000000         
  195 00000000         
  196 00000000         ; Reset Handler
  197 00000000         
  198 00000000         Reset_Handler
                               PROC
  199 00000000                 EXPORT           Reset_Handler             [WEAK
]
  200 00000000                 IMPORT           SystemInit
  201 00000000                 IMPORT           __main
  202 00000000 480A            LDR              R0, =SystemInit
  203 00000002 4780            BLX              R0
  204 00000004 480A            LDR              R0, =__main
  205 00000006 4700            BX               R0
  206 00000008                 ENDP
  207 00000008         
  208 00000008         
  209 00000008         ; Dummy Exception Handlers (infinite loops which can be 
                       modified)
  210 00000008         
  212 00000008         NMI_Handler
                               PROC
  213 00000008                 EXPORT           NMI_Handler               [WEAK
]
  214 00000008 E7FE            B                .
  215 0000000A                 ENDP
  217 0000000A         HardFault_Handler
                               PROC
  218 0000000A                 EXPORT           HardFault_Handler         [WEAK
]
  219 0000000A E7FE            B                .
  220 0000000C                 ENDP
  222 0000000C         MemManage_Handler
                               PROC
  223 0000000C                 EXPORT           MemManage_Handler         [WEAK
]
  224 0000000C E7FE            B                .
  225 0000000E                 ENDP
  227 0000000E         BusFault_Handler
                               PROC
  228 0000000E                 EXPORT           BusFault_Handler          [WEAK
]
  229 0000000E E7FE            B                .
  230 00000010                 ENDP
  232 00000010         UsageFault_Handler
                               PROC



ARM Macro Assembler    Page 7 


  233 00000010                 EXPORT           UsageFault_Handler        [WEAK
]
  234 00000010 E7FE            B                .
  235 00000012                 ENDP
  237 00000012         SecureFault_Handler
                               PROC
  238 00000012                 EXPORT           SecureFault_Handler       [WEAK
]
  239 00000012 E7FE            B                .
  240 00000014                 ENDP
  242 00000014         SVC_Handler
                               PROC
  243 00000014                 EXPORT           SVC_Handler               [WEAK
]
  244 00000014 E7FE            B                .
  245 00000016                 ENDP
  247 00000016         DebugMon_Handler
                               PROC
  248 00000016                 EXPORT           DebugMon_Handler          [WEAK
]
  249 00000016 E7FE            B                .
  250 00000018                 ENDP
  252 00000018         PendSV_Handler
                               PROC
  253 00000018                 EXPORT           PendSV_Handler            [WEAK
]
  254 00000018 E7FE            B                .
  255 0000001A                 ENDP
  257 0000001A         SysTick_Handler
                               PROC
  258 0000001A                 EXPORT           SysTick_Handler           [WEAK
]
  259 0000001A E7FE            B                .
  260 0000001C                 ENDP
  261 0000001C         
  262 0000001C         Default_Handler
                               PROC
  263 0000001C         
  264 0000001C                 EXPORT           WWDG_IRQHandler           [WEAK
]
  265 0000001C                 EXPORT           PVD_PVM_IRQHandler        [WEAK
]
  266 0000001C                 EXPORT           RTC_IRQHandler            [WEAK
]
  267 0000001C                 EXPORT           RTC_S_IRQHandler          [WEAK
]
  268 0000001C                 EXPORT           TAMP_IRQHandler           [WEAK
]
  269 0000001C                 EXPORT           TAMP_S_IRQHandler         [WEAK
]
  270 0000001C                 EXPORT           FLASH_IRQHandler          [WEAK
]
  271 0000001C                 EXPORT           FLASH_S_IRQHandler        [WEAK
]
  272 0000001C                 EXPORT           GTZC_IRQHandler           [WEAK
]
  273 0000001C                 EXPORT           RCC_IRQHandler            [WEAK
]
  274 0000001C                 EXPORT           RCC_S_IRQHandler          [WEAK



ARM Macro Assembler    Page 8 


]
  275 0000001C                 EXPORT           EXTI0_IRQHandler          [WEAK
]
  276 0000001C                 EXPORT           EXTI1_IRQHandler          [WEAK
]
  277 0000001C                 EXPORT           EXTI2_IRQHandler          [WEAK
]
  278 0000001C                 EXPORT           EXTI3_IRQHandler          [WEAK
]
  279 0000001C                 EXPORT           EXTI4_IRQHandler          [WEAK
]
  280 0000001C                 EXPORT           EXTI5_IRQHandler          [WEAK
]
  281 0000001C                 EXPORT           EXTI6_IRQHandler          [WEAK
]
  282 0000001C                 EXPORT           EXTI7_IRQHandler          [WEAK
]
  283 0000001C                 EXPORT           EXTI8_IRQHandler          [WEAK
]
  284 0000001C                 EXPORT           EXTI9_IRQHandler          [WEAK
]
  285 0000001C                 EXPORT           EXTI10_IRQHandler         [WEAK
]
  286 0000001C                 EXPORT           EXTI11_IRQHandler         [WEAK
]
  287 0000001C                 EXPORT           EXTI12_IRQHandler         [WEAK
]
  288 0000001C                 EXPORT           EXTI13_IRQHandler         [WEAK
]
  289 0000001C                 EXPORT           EXTI14_IRQHandler         [WEAK
]
  290 0000001C                 EXPORT           EXTI15_IRQHandler         [WEAK
]
  291 0000001C                 EXPORT           DMAMUX1_IRQHandler        [WEAK
]
  292 0000001C                 EXPORT           DMAMUX1_S_IRQHandler      [WEAK
]
  293 0000001C                 EXPORT           DMA1_Channel1_IRQHandler  [WEAK
]
  294 0000001C                 EXPORT           DMA1_Channel2_IRQHandler  [WEAK
]
  295 0000001C                 EXPORT           DMA1_Channel3_IRQHandler  [WEAK
]
  296 0000001C                 EXPORT           DMA1_Channel4_IRQHandler  [WEAK
]
  297 0000001C                 EXPORT           DMA1_Channel5_IRQHandler  [WEAK
]
  298 0000001C                 EXPORT           DMA1_Channel6_IRQHandler  [WEAK
]
  299 0000001C                 EXPORT           DMA1_Channel7_IRQHandler  [WEAK
]
  300 0000001C                 EXPORT           DMA1_Channel8_IRQHandler  [WEAK
]
  301 0000001C                 EXPORT           ADC1_2_IRQHandler         [WEAK
]
  302 0000001C                 EXPORT           DAC_IRQHandler            [WEAK
]
  303 0000001C                 EXPORT           FDCAN1_IT0_IRQHandler     [WEAK
]



ARM Macro Assembler    Page 9 


  304 0000001C                 EXPORT           FDCAN1_IT1_IRQHandler     [WEAK
]
  305 0000001C                 EXPORT           TIM1_BRK_IRQHandler       [WEAK
]
  306 0000001C                 EXPORT           TIM1_UP_IRQHandler        [WEAK
]
  307 0000001C                 EXPORT           TIM1_TRG_COM_IRQHandler   [WEAK
]
  308 0000001C                 EXPORT           TIM1_CC_IRQHandler        [WEAK
]
  309 0000001C                 EXPORT           TIM2_IRQHandler           [WEAK
]
  310 0000001C                 EXPORT           TIM3_IRQHandler           [WEAK
]
  311 0000001C                 EXPORT           TIM4_IRQHandler           [WEAK
]
  312 0000001C                 EXPORT           TIM5_IRQHandler           [WEAK
]
  313 0000001C                 EXPORT           TIM6_IRQHandler           [WEAK
]
  314 0000001C                 EXPORT           TIM7_IRQHandler           [WEAK
]
  315 0000001C                 EXPORT           TIM8_BRK_IRQHandler       [WEAK
]
  316 0000001C                 EXPORT           TIM8_UP_IRQHandler        [WEAK
]
  317 0000001C                 EXPORT           TIM8_TRG_COM_IRQHandler   [WEAK
]
  318 0000001C                 EXPORT           TIM8_CC_IRQHandler        [WEAK
]
  319 0000001C                 EXPORT           I2C1_EV_IRQHandler        [WEAK
]
  320 0000001C                 EXPORT           I2C1_ER_IRQHandler        [WEAK
]
  321 0000001C                 EXPORT           I2C2_EV_IRQHandler        [WEAK
]
  322 0000001C                 EXPORT           I2C2_ER_IRQHandler        [WEAK
]
  323 0000001C                 EXPORT           SPI1_IRQHandler           [WEAK
]
  324 0000001C                 EXPORT           SPI2_IRQHandler           [WEAK
]
  325 0000001C                 EXPORT           USART1_IRQHandler         [WEAK
]
  326 0000001C                 EXPORT           USART2_IRQHandler         [WEAK
]
  327 0000001C                 EXPORT           USART3_IRQHandler         [WEAK
]
  328 0000001C                 EXPORT           UART4_IRQHandler          [WEAK
]
  329 0000001C                 EXPORT           UART5_IRQHandler          [WEAK
]
  330 0000001C                 EXPORT           LPUART1_IRQHandler        [WEAK
]
  331 0000001C                 EXPORT           LPTIM1_IRQHandler         [WEAK
]
  332 0000001C                 EXPORT           LPTIM2_IRQHandler         [WEAK
]
  333 0000001C                 EXPORT           TIM15_IRQHandler          [WEAK



ARM Macro Assembler    Page 10 


]
  334 0000001C                 EXPORT           TIM16_IRQHandler          [WEAK
]
  335 0000001C                 EXPORT           TIM17_IRQHandler          [WEAK
]
  336 0000001C                 EXPORT           COMP_IRQHandler           [WEAK
]
  337 0000001C                 EXPORT           USB_FS_IRQHandler         [WEAK
]
  338 0000001C                 EXPORT           CRS_IRQHandler            [WEAK
]
  339 0000001C                 EXPORT           FMC_IRQHandler            [WEAK
]
  340 0000001C                 EXPORT           OCTOSPI1_IRQHandler       [WEAK
]
  341 0000001C                 EXPORT           SDMMC1_IRQHandler         [WEAK
]
  342 0000001C                 EXPORT           DMA2_Channel1_IRQHandler  [WEAK
]
  343 0000001C                 EXPORT           DMA2_Channel2_IRQHandler  [WEAK
]
  344 0000001C                 EXPORT           DMA2_Channel3_IRQHandler  [WEAK
]
  345 0000001C                 EXPORT           DMA2_Channel4_IRQHandler  [WEAK
]
  346 0000001C                 EXPORT           DMA2_Channel5_IRQHandler  [WEAK
]
  347 0000001C                 EXPORT           DMA2_Channel6_IRQHandler  [WEAK
]
  348 0000001C                 EXPORT           DMA2_Channel7_IRQHandler  [WEAK
]
  349 0000001C                 EXPORT           DMA2_Channel8_IRQHandler  [WEAK
]
  350 0000001C                 EXPORT           I2C3_EV_IRQHandler        [WEAK
]
  351 0000001C                 EXPORT           I2C3_ER_IRQHandler        [WEAK
]
  352 0000001C                 EXPORT           SAI1_IRQHandler           [WEAK
]
  353 0000001C                 EXPORT           SAI2_IRQHandler           [WEAK
]
  354 0000001C                 EXPORT           TSC_IRQHandler            [WEAK
]
  355 0000001C                 EXPORT           RNG_IRQHandler            [WEAK
]
  356 0000001C                 EXPORT           FPU_IRQHandler            [WEAK
]
  357 0000001C                 EXPORT           HASH_IRQHandler           [WEAK
]
  358 0000001C                 EXPORT           LPTIM3_IRQHandler         [WEAK
]
  359 0000001C                 EXPORT           SPI3_IRQHandler           [WEAK
]
  360 0000001C                 EXPORT           I2C4_ER_IRQHandler        [WEAK
]
  361 0000001C                 EXPORT           I2C4_EV_IRQHandler        [WEAK
]
  362 0000001C                 EXPORT           DFSDM1_FLT0_IRQHandler    [WEAK
]



ARM Macro Assembler    Page 11 


  363 0000001C                 EXPORT           DFSDM1_FLT1_IRQHandler    [WEAK
]
  364 0000001C                 EXPORT           DFSDM1_FLT2_IRQHandler    [WEAK
]
  365 0000001C                 EXPORT           DFSDM1_FLT3_IRQHandler    [WEAK
]
  366 0000001C                 EXPORT           UCPD1_IRQHandler          [WEAK
]
  367 0000001C                 EXPORT           ICACHE_IRQHandler         [WEAK
]
  368 0000001C         
  369 0000001C         WWDG_IRQHandler
  370 0000001C         PVD_PVM_IRQHandler
  371 0000001C         RTC_IRQHandler
  372 0000001C         RTC_S_IRQHandler
  373 0000001C         TAMP_IRQHandler
  374 0000001C         TAMP_S_IRQHandler
  375 0000001C         FLASH_IRQHandler
  376 0000001C         FLASH_S_IRQHandler
  377 0000001C         GTZC_IRQHandler
  378 0000001C         RCC_IRQHandler
  379 0000001C         RCC_S_IRQHandler
  380 0000001C         EXTI0_IRQHandler
  381 0000001C         EXTI1_IRQHandler
  382 0000001C         EXTI2_IRQHandler
  383 0000001C         EXTI3_IRQHandler
  384 0000001C         EXTI4_IRQHandler
  385 0000001C         EXTI5_IRQHandler
  386 0000001C         EXTI6_IRQHandler
  387 0000001C         EXTI7_IRQHandler
  388 0000001C         EXTI8_IRQHandler
  389 0000001C         EXTI9_IRQHandler
  390 0000001C         EXTI10_IRQHandler
  391 0000001C         EXTI11_IRQHandler
  392 0000001C         EXTI12_IRQHandler
  393 0000001C         EXTI13_IRQHandler
  394 0000001C         EXTI14_IRQHandler
  395 0000001C         EXTI15_IRQHandler
  396 0000001C         DMAMUX1_IRQHandler
  397 0000001C         DMAMUX1_S_IRQHandler
  398 0000001C         DMA1_Channel1_IRQHandler
  399 0000001C         DMA1_Channel2_IRQHandler
  400 0000001C         DMA1_Channel3_IRQHandler
  401 0000001C         DMA1_Channel4_IRQHandler
  402 0000001C         DMA1_Channel5_IRQHandler
  403 0000001C         DMA1_Channel6_IRQHandler
  404 0000001C         DMA1_Channel7_IRQHandler
  405 0000001C         DMA1_Channel8_IRQHandler
  406 0000001C         ADC1_2_IRQHandler
  407 0000001C         DAC_IRQHandler
  408 0000001C         FDCAN1_IT0_IRQHandler
  409 0000001C         FDCAN1_IT1_IRQHandler
  410 0000001C         TIM1_BRK_IRQHandler
  411 0000001C         TIM1_UP_IRQHandler
  412 0000001C         TIM1_TRG_COM_IRQHandler
  413 0000001C         TIM1_CC_IRQHandler
  414 0000001C         TIM2_IRQHandler
  415 0000001C         TIM3_IRQHandler
  416 0000001C         TIM4_IRQHandler



ARM Macro Assembler    Page 12 


  417 0000001C         TIM5_IRQHandler
  418 0000001C         TIM6_IRQHandler
  419 0000001C         TIM7_IRQHandler
  420 0000001C         TIM8_BRK_IRQHandler
  421 0000001C         TIM8_UP_IRQHandler
  422 0000001C         TIM8_TRG_COM_IRQHandler
  423 0000001C         TIM8_CC_IRQHandler
  424 0000001C         I2C1_EV_IRQHandler
  425 0000001C         I2C1_ER_IRQHandler
  426 0000001C         I2C2_EV_IRQHandler
  427 0000001C         I2C2_ER_IRQHandler
  428 0000001C         SPI1_IRQHandler
  429 0000001C         SPI2_IRQHandler
  430 0000001C         USART1_IRQHandler
  431 0000001C         USART2_IRQHandler
  432 0000001C         USART3_IRQHandler
  433 0000001C         UART4_IRQHandler
  434 0000001C         UART5_IRQHandler
  435 0000001C         LPUART1_IRQHandler
  436 0000001C         LPTIM1_IRQHandler
  437 0000001C         LPTIM2_IRQHandler
  438 0000001C         TIM15_IRQHandler
  439 0000001C         TIM16_IRQHandler
  440 0000001C         TIM17_IRQHandler
  441 0000001C         COMP_IRQHandler
  442 0000001C         USB_FS_IRQHandler
  443 0000001C         CRS_IRQHandler
  444 0000001C         FMC_IRQHandler
  445 0000001C         OCTOSPI1_IRQHandler
  446 0000001C         SDMMC1_IRQHandler
  447 0000001C         DMA2_Channel1_IRQHandler
  448 0000001C         DMA2_Channel2_IRQHandler
  449 0000001C         DMA2_Channel3_IRQHandler
  450 0000001C         DMA2_Channel4_IRQHandler
  451 0000001C         DMA2_Channel5_IRQHandler
  452 0000001C         DMA2_Channel6_IRQHandler
  453 0000001C         DMA2_Channel7_IRQHandler
  454 0000001C         DMA2_Channel8_IRQHandler
  455 0000001C         I2C3_EV_IRQHandler
  456 0000001C         I2C3_ER_IRQHandler
  457 0000001C         SAI1_IRQHandler
  458 0000001C         SAI2_IRQHandler
  459 0000001C         TSC_IRQHandler
  460 0000001C         RNG_IRQHandler
  461 0000001C         FPU_IRQHandler
  462 0000001C         HASH_IRQHandler
  463 0000001C         LPTIM3_IRQHandler
  464 0000001C         SPI3_IRQHandler
  465 0000001C         I2C4_ER_IRQHandler
  466 0000001C         I2C4_EV_IRQHandler
  467 0000001C         DFSDM1_FLT0_IRQHandler
  468 0000001C         DFSDM1_FLT1_IRQHandler
  469 0000001C         DFSDM1_FLT2_IRQHandler
  470 0000001C         DFSDM1_FLT3_IRQHandler
  471 0000001C         UCPD1_IRQHandler
  472 0000001C         ICACHE_IRQHandler
  473 0000001C E7FE            B                .
  474 0000001E         
  475 0000001E                 ENDP



ARM Macro Assembler    Page 13 


  476 0000001E         
  477 0000001E         
  478 0000001E 00 00           ALIGN
  479 00000020         
  480 00000020         ;*******************************************************
                       ************************
  481 00000020         ; User Stack and Heap initialization
  482 00000020         ;*******************************************************
                       ************************
  483 00000020                 IF               :DEF:__MICROLIB
  490 00000020         
  491 00000020                 IMPORT           __use_two_region_memory
  492 00000020                 EXPORT           __user_initial_stackheap
  493 00000020         
  494 00000020         __user_initial_stackheap
                               PROC
  495 00000020 4804            LDR              R0, =  Heap_Mem
  496 00000022 4905            LDR              R1, =(Stack_Mem + Stack_Size)
  497 00000024 4A05            LDR              R2, = (Heap_Mem +  Heap_Size)
  498 00000026 4B06            LDR              R3, = Stack_Mem
  499 00000028 4770            BX               LR
  500 0000002A                 ENDP
  501 0000002A         
  502 0000002A 00 00           ALIGN
  503 0000002C         
  504 0000002C                 ENDIF
  505 0000002C         
  506 0000002C                 END
              00000000 
              00000000 
              00000000 
              00000400 
              00000200 
              00000000 
Command Line: --debug --xref --diag_suppress=9931 --cpu=Cortex-M33 --fpu=FPv5-S
P --depend=.\objects\startup_stm32l552xx.d -o.\objects\startup_stm32l552xx.o -I
.\RTE\_Target_1 -Ic:\Keil_v5\ARM\PACK\ARM\CMSIS\5.8.0\CMSIS\Core\Include -Ic:\K
eil_v5\ARM\PACK\Keil\STM32L5xx_DFP\1.3.0\Drivers\CMSIS\Device\ST\STM32L5xx\Incl
ude -Ic:\Keil_v5\ARM\PACK\Keil\STM32L5xx_DFP\1.3.0\Drivers\STM32L5xx_HAL_Driver
\Inc -Ic:\Keil_v5\ARM\PACK\Keil\STM32L5xx_DFP\1.3.0\Drivers\STM32L5xx_HAL_Drive
r\Inc\Legacy --predefine="__UVISION_VERSION SETA 534" --predefine="_RTE_ SETA 1
" --predefine="STM32L552xx SETA 1" --predefine="_RTE_ SETA 1" --list=.\listings
\startup_stm32l552xx.lst RTE\Device\STM32L552ZETxQ\startup_stm32l552xx.s



ARM Macro Assembler    Page 1 Alphabetic symbol ordering
Relocatable symbols

STACK 00000000

Symbol: STACK
   Definitions
      At line 34 in file RTE\Device\STM32L552ZETxQ\startup_stm32l552xx.s
   Uses
      None
Comment: STACK unused
Stack_Mem 00000000

Symbol: Stack_Mem
   Definitions
      At line 35 in file RTE\Device\STM32L552ZETxQ\startup_stm32l552xx.s
   Uses
      At line 496 in file RTE\Device\STM32L552ZETxQ\startup_stm32l552xx.s
      At line 498 in file RTE\Device\STM32L552ZETxQ\startup_stm32l552xx.s

__initial_sp 00000400

Symbol: __initial_sp
   Definitions
      At line 36 in file RTE\Device\STM32L552ZETxQ\startup_stm32l552xx.s
   Uses
      At line 62 in file RTE\Device\STM32L552ZETxQ\startup_stm32l552xx.s
Comment: __initial_sp used once
3 symbols



ARM Macro Assembler    Page 1 Alphabetic symbol ordering
Relocatable symbols

HEAP 00000000

Symbol: HEAP
   Definitions
      At line 45 in file RTE\Device\STM32L552ZETxQ\startup_stm32l552xx.s
   Uses
      None
Comment: HEAP unused
Heap_Mem 00000000

Symbol: Heap_Mem
   Definitions
      At line 47 in file RTE\Device\STM32L552ZETxQ\startup_stm32l552xx.s
   Uses
      At line 495 in file RTE\Device\STM32L552ZETxQ\startup_stm32l552xx.s
      At line 497 in file RTE\Device\STM32L552ZETxQ\startup_stm32l552xx.s

__heap_base 00000000

Symbol: __heap_base
   Definitions
      At line 46 in file RTE\Device\STM32L552ZETxQ\startup_stm32l552xx.s
   Uses
      None
Comment: __heap_base unused
__heap_limit 00000200

Symbol: __heap_limit
   Definitions
      At line 48 in file RTE\Device\STM32L552ZETxQ\startup_stm32l552xx.s
   Uses
      None
Comment: __heap_limit unused
4 symbols



ARM Macro Assembler    Page 1 Alphabetic symbol ordering
Relocatable symbols

RESET 00000000

Symbol: RESET
   Definitions
      At line 57 in file RTE\Device\STM32L552ZETxQ\startup_stm32l552xx.s
   Uses
      None
Comment: RESET unused
__Vectors 00000000

Symbol: __Vectors
   Definitions
      At line 62 in file RTE\Device\STM32L552ZETxQ\startup_stm32l552xx.s
   Uses
      At line 58 in file RTE\Device\STM32L552ZETxQ\startup_stm32l552xx.s
      At line 191 in file RTE\Device\STM32L552ZETxQ\startup_stm32l552xx.s

__Vectors_End 000001F4

Symbol: __Vectors_End
   Definitions
      At line 189 in file RTE\Device\STM32L552ZETxQ\startup_stm32l552xx.s
   Uses
      At line 59 in file RTE\Device\STM32L552ZETxQ\startup_stm32l552xx.s
      At line 191 in file RTE\Device\STM32L552ZETxQ\startup_stm32l552xx.s

3 symbols



ARM Macro Assembler    Page 1 Alphabetic symbol ordering
Relocatable symbols

.text 00000000

Symbol: .text
   Definitions
      At line 193 in file RTE\Device\STM32L552ZETxQ\startup_stm32l552xx.s
   Uses
      None
Comment: .text unused
ADC1_2_IRQHandler 0000001C

Symbol: ADC1_2_IRQHandler
   Definitions
      At line 406 in file RTE\Device\STM32L552ZETxQ\startup_stm32l552xx.s
   Uses
      At line 117 in file RTE\Device\STM32L552ZETxQ\startup_stm32l552xx.s
      At line 301 in file RTE\Device\STM32L552ZETxQ\startup_stm32l552xx.s

BusFault_Handler 0000000E

Symbol: BusFault_Handler
   Definitions
      At line 227 in file RTE\Device\STM32L552ZETxQ\startup_stm32l552xx.s
   Uses
      At line 67 in file RTE\Device\STM32L552ZETxQ\startup_stm32l552xx.s
      At line 228 in file RTE\Device\STM32L552ZETxQ\startup_stm32l552xx.s

COMP_IRQHandler 0000001C

Symbol: COMP_IRQHandler
   Definitions
      At line 441 in file RTE\Device\STM32L552ZETxQ\startup_stm32l552xx.s
   Uses
      At line 152 in file RTE\Device\STM32L552ZETxQ\startup_stm32l552xx.s
      At line 336 in file RTE\Device\STM32L552ZETxQ\startup_stm32l552xx.s

CRS_IRQHandler 0000001C

Symbol: CRS_IRQHandler
   Definitions
      At line 443 in file RTE\Device\STM32L552ZETxQ\startup_stm32l552xx.s
   Uses
      At line 154 in file RTE\Device\STM32L552ZETxQ\startup_stm32l552xx.s
      At line 338 in file RTE\Device\STM32L552ZETxQ\startup_stm32l552xx.s

DAC_IRQHandler 0000001C

Symbol: DAC_IRQHandler
   Definitions
      At line 407 in file RTE\Device\STM32L552ZETxQ\startup_stm32l552xx.s
   Uses
      At line 118 in file RTE\Device\STM32L552ZETxQ\startup_stm32l552xx.s
      At line 302 in file RTE\Device\STM32L552ZETxQ\startup_stm32l552xx.s

DFSDM1_FLT0_IRQHandler 0000001C

Symbol: DFSDM1_FLT0_IRQHandler
   Definitions
      At line 467 in file RTE\Device\STM32L552ZETxQ\startup_stm32l552xx.s
   Uses



ARM Macro Assembler    Page 2 Alphabetic symbol ordering
Relocatable symbols

      At line 182 in file RTE\Device\STM32L552ZETxQ\startup_stm32l552xx.s
      At line 362 in file RTE\Device\STM32L552ZETxQ\startup_stm32l552xx.s

DFSDM1_FLT1_IRQHandler 0000001C

Symbol: DFSDM1_FLT1_IRQHandler
   Definitions
      At line 468 in file RTE\Device\STM32L552ZETxQ\startup_stm32l552xx.s
   Uses
      At line 183 in file RTE\Device\STM32L552ZETxQ\startup_stm32l552xx.s
      At line 363 in file RTE\Device\STM32L552ZETxQ\startup_stm32l552xx.s

DFSDM1_FLT2_IRQHandler 0000001C

Symbol: DFSDM1_FLT2_IRQHandler
   Definitions
      At line 469 in file RTE\Device\STM32L552ZETxQ\startup_stm32l552xx.s
   Uses
      At line 184 in file RTE\Device\STM32L552ZETxQ\startup_stm32l552xx.s
      At line 364 in file RTE\Device\STM32L552ZETxQ\startup_stm32l552xx.s

DFSDM1_FLT3_IRQHandler 0000001C

Symbol: DFSDM1_FLT3_IRQHandler
   Definitions
      At line 470 in file RTE\Device\STM32L552ZETxQ\startup_stm32l552xx.s
   Uses
      At line 185 in file RTE\Device\STM32L552ZETxQ\startup_stm32l552xx.s
      At line 365 in file RTE\Device\STM32L552ZETxQ\startup_stm32l552xx.s

DMA1_Channel1_IRQHandler 0000001C

Symbol: DMA1_Channel1_IRQHandler
   Definitions
      At line 398 in file RTE\Device\STM32L552ZETxQ\startup_stm32l552xx.s
   Uses
      At line 109 in file RTE\Device\STM32L552ZETxQ\startup_stm32l552xx.s
      At line 293 in file RTE\Device\STM32L552ZETxQ\startup_stm32l552xx.s

DMA1_Channel2_IRQHandler 0000001C

Symbol: DMA1_Channel2_IRQHandler
   Definitions
      At line 399 in file RTE\Device\STM32L552ZETxQ\startup_stm32l552xx.s
   Uses
      At line 110 in file RTE\Device\STM32L552ZETxQ\startup_stm32l552xx.s
      At line 294 in file RTE\Device\STM32L552ZETxQ\startup_stm32l552xx.s

DMA1_Channel3_IRQHandler 0000001C

Symbol: DMA1_Channel3_IRQHandler
   Definitions
      At line 400 in file RTE\Device\STM32L552ZETxQ\startup_stm32l552xx.s
   Uses
      At line 111 in file RTE\Device\STM32L552ZETxQ\startup_stm32l552xx.s
      At line 295 in file RTE\Device\STM32L552ZETxQ\startup_stm32l552xx.s

DMA1_Channel4_IRQHandler 0000001C




ARM Macro Assembler    Page 3 Alphabetic symbol ordering
Relocatable symbols

Symbol: DMA1_Channel4_IRQHandler
   Definitions
      At line 401 in file RTE\Device\STM32L552ZETxQ\startup_stm32l552xx.s
   Uses
      At line 112 in file RTE\Device\STM32L552ZETxQ\startup_stm32l552xx.s
      At line 296 in file RTE\Device\STM32L552ZETxQ\startup_stm32l552xx.s

DMA1_Channel5_IRQHandler 0000001C

Symbol: DMA1_Channel5_IRQHandler
   Definitions
      At line 402 in file RTE\Device\STM32L552ZETxQ\startup_stm32l552xx.s
   Uses
      At line 113 in file RTE\Device\STM32L552ZETxQ\startup_stm32l552xx.s
      At line 297 in file RTE\Device\STM32L552ZETxQ\startup_stm32l552xx.s

DMA1_Channel6_IRQHandler 0000001C

Symbol: DMA1_Channel6_IRQHandler
   Definitions
      At line 403 in file RTE\Device\STM32L552ZETxQ\startup_stm32l552xx.s
   Uses
      At line 114 in file RTE\Device\STM32L552ZETxQ\startup_stm32l552xx.s
      At line 298 in file RTE\Device\STM32L552ZETxQ\startup_stm32l552xx.s

DMA1_Channel7_IRQHandler 0000001C

Symbol: DMA1_Channel7_IRQHandler
   Definitions
      At line 404 in file RTE\Device\STM32L552ZETxQ\startup_stm32l552xx.s
   Uses
      At line 115 in file RTE\Device\STM32L552ZETxQ\startup_stm32l552xx.s
      At line 299 in file RTE\Device\STM32L552ZETxQ\startup_stm32l552xx.s

DMA1_Channel8_IRQHandler 0000001C

Symbol: DMA1_Channel8_IRQHandler
   Definitions
      At line 405 in file RTE\Device\STM32L552ZETxQ\startup_stm32l552xx.s
   Uses
      At line 116 in file RTE\Device\STM32L552ZETxQ\startup_stm32l552xx.s
      At line 300 in file RTE\Device\STM32L552ZETxQ\startup_stm32l552xx.s

DMA2_Channel1_IRQHandler 0000001C

Symbol: DMA2_Channel1_IRQHandler
   Definitions
      At line 447 in file RTE\Device\STM32L552ZETxQ\startup_stm32l552xx.s
   Uses
      At line 160 in file RTE\Device\STM32L552ZETxQ\startup_stm32l552xx.s
      At line 342 in file RTE\Device\STM32L552ZETxQ\startup_stm32l552xx.s

DMA2_Channel2_IRQHandler 0000001C

Symbol: DMA2_Channel2_IRQHandler
   Definitions
      At line 448 in file RTE\Device\STM32L552ZETxQ\startup_stm32l552xx.s
   Uses
      At line 161 in file RTE\Device\STM32L552ZETxQ\startup_stm32l552xx.s



ARM Macro Assembler    Page 4 Alphabetic symbol ordering
Relocatable symbols

      At line 343 in file RTE\Device\STM32L552ZETxQ\startup_stm32l552xx.s

DMA2_Channel3_IRQHandler 0000001C

Symbol: DMA2_Channel3_IRQHandler
   Definitions
      At line 449 in file RTE\Device\STM32L552ZETxQ\startup_stm32l552xx.s
   Uses
      At line 162 in file RTE\Device\STM32L552ZETxQ\startup_stm32l552xx.s
      At line 344 in file RTE\Device\STM32L552ZETxQ\startup_stm32l552xx.s

DMA2_Channel4_IRQHandler 0000001C

Symbol: DMA2_Channel4_IRQHandler
   Definitions
      At line 450 in file RTE\Device\STM32L552ZETxQ\startup_stm32l552xx.s
   Uses
      At line 163 in file RTE\Device\STM32L552ZETxQ\startup_stm32l552xx.s
      At line 345 in file RTE\Device\STM32L552ZETxQ\startup_stm32l552xx.s

DMA2_Channel5_IRQHandler 0000001C

Symbol: DMA2_Channel5_IRQHandler
   Definitions
      At line 451 in file RTE\Device\STM32L552ZETxQ\startup_stm32l552xx.s
   Uses
      At line 164 in file RTE\Device\STM32L552ZETxQ\startup_stm32l552xx.s
      At line 346 in file RTE\Device\STM32L552ZETxQ\startup_stm32l552xx.s

DMA2_Channel6_IRQHandler 0000001C

Symbol: DMA2_Channel6_IRQHandler
   Definitions
      At line 452 in file RTE\Device\STM32L552ZETxQ\startup_stm32l552xx.s
   Uses
      At line 165 in file RTE\Device\STM32L552ZETxQ\startup_stm32l552xx.s
      At line 347 in file RTE\Device\STM32L552ZETxQ\startup_stm32l552xx.s

DMA2_Channel7_IRQHandler 0000001C

Symbol: DMA2_Channel7_IRQHandler
   Definitions
      At line 453 in file RTE\Device\STM32L552ZETxQ\startup_stm32l552xx.s
   Uses
      At line 166 in file RTE\Device\STM32L552ZETxQ\startup_stm32l552xx.s
      At line 348 in file RTE\Device\STM32L552ZETxQ\startup_stm32l552xx.s

DMA2_Channel8_IRQHandler 0000001C

Symbol: DMA2_Channel8_IRQHandler
   Definitions
      At line 454 in file RTE\Device\STM32L552ZETxQ\startup_stm32l552xx.s
   Uses
      At line 167 in file RTE\Device\STM32L552ZETxQ\startup_stm32l552xx.s
      At line 349 in file RTE\Device\STM32L552ZETxQ\startup_stm32l552xx.s

DMAMUX1_IRQHandler 0000001C

Symbol: DMAMUX1_IRQHandler



ARM Macro Assembler    Page 5 Alphabetic symbol ordering
Relocatable symbols

   Definitions
      At line 396 in file RTE\Device\STM32L552ZETxQ\startup_stm32l552xx.s
   Uses
      At line 107 in file RTE\Device\STM32L552ZETxQ\startup_stm32l552xx.s
      At line 291 in file RTE\Device\STM32L552ZETxQ\startup_stm32l552xx.s

DMAMUX1_S_IRQHandler 0000001C

Symbol: DMAMUX1_S_IRQHandler
   Definitions
      At line 397 in file RTE\Device\STM32L552ZETxQ\startup_stm32l552xx.s
   Uses
      At line 108 in file RTE\Device\STM32L552ZETxQ\startup_stm32l552xx.s
      At line 292 in file RTE\Device\STM32L552ZETxQ\startup_stm32l552xx.s

DebugMon_Handler 00000016

Symbol: DebugMon_Handler
   Definitions
      At line 247 in file RTE\Device\STM32L552ZETxQ\startup_stm32l552xx.s
   Uses
      At line 74 in file RTE\Device\STM32L552ZETxQ\startup_stm32l552xx.s
      At line 248 in file RTE\Device\STM32L552ZETxQ\startup_stm32l552xx.s

Default_Handler 0000001C

Symbol: Default_Handler
   Definitions
      At line 262 in file RTE\Device\STM32L552ZETxQ\startup_stm32l552xx.s
   Uses
      None
Comment: Default_Handler unused
EXTI0_IRQHandler 0000001C

Symbol: EXTI0_IRQHandler
   Definitions
      At line 380 in file RTE\Device\STM32L552ZETxQ\startup_stm32l552xx.s
   Uses
      At line 91 in file RTE\Device\STM32L552ZETxQ\startup_stm32l552xx.s
      At line 275 in file RTE\Device\STM32L552ZETxQ\startup_stm32l552xx.s

EXTI10_IRQHandler 0000001C

Symbol: EXTI10_IRQHandler
   Definitions
      At line 390 in file RTE\Device\STM32L552ZETxQ\startup_stm32l552xx.s
   Uses
      At line 101 in file RTE\Device\STM32L552ZETxQ\startup_stm32l552xx.s
      At line 285 in file RTE\Device\STM32L552ZETxQ\startup_stm32l552xx.s

EXTI11_IRQHandler 0000001C

Symbol: EXTI11_IRQHandler
   Definitions
      At line 391 in file RTE\Device\STM32L552ZETxQ\startup_stm32l552xx.s
   Uses
      At line 102 in file RTE\Device\STM32L552ZETxQ\startup_stm32l552xx.s
      At line 286 in file RTE\Device\STM32L552ZETxQ\startup_stm32l552xx.s




ARM Macro Assembler    Page 6 Alphabetic symbol ordering
Relocatable symbols

EXTI12_IRQHandler 0000001C

Symbol: EXTI12_IRQHandler
   Definitions
      At line 392 in file RTE\Device\STM32L552ZETxQ\startup_stm32l552xx.s
   Uses
      At line 103 in file RTE\Device\STM32L552ZETxQ\startup_stm32l552xx.s
      At line 287 in file RTE\Device\STM32L552ZETxQ\startup_stm32l552xx.s

EXTI13_IRQHandler 0000001C

Symbol: EXTI13_IRQHandler
   Definitions
      At line 393 in file RTE\Device\STM32L552ZETxQ\startup_stm32l552xx.s
   Uses
      At line 104 in file RTE\Device\STM32L552ZETxQ\startup_stm32l552xx.s
      At line 288 in file RTE\Device\STM32L552ZETxQ\startup_stm32l552xx.s

EXTI14_IRQHandler 0000001C

Symbol: EXTI14_IRQHandler
   Definitions
      At line 394 in file RTE\Device\STM32L552ZETxQ\startup_stm32l552xx.s
   Uses
      At line 105 in file RTE\Device\STM32L552ZETxQ\startup_stm32l552xx.s
      At line 289 in file RTE\Device\STM32L552ZETxQ\startup_stm32l552xx.s

EXTI15_IRQHandler 0000001C

Symbol: EXTI15_IRQHandler
   Definitions
      At line 395 in file RTE\Device\STM32L552ZETxQ\startup_stm32l552xx.s
   Uses
      At line 106 in file RTE\Device\STM32L552ZETxQ\startup_stm32l552xx.s
      At line 290 in file RTE\Device\STM32L552ZETxQ\startup_stm32l552xx.s

EXTI1_IRQHandler 0000001C

Symbol: EXTI1_IRQHandler
   Definitions
      At line 381 in file RTE\Device\STM32L552ZETxQ\startup_stm32l552xx.s
   Uses
      At line 92 in file RTE\Device\STM32L552ZETxQ\startup_stm32l552xx.s
      At line 276 in file RTE\Device\STM32L552ZETxQ\startup_stm32l552xx.s

EXTI2_IRQHandler 0000001C

Symbol: EXTI2_IRQHandler
   Definitions
      At line 382 in file RTE\Device\STM32L552ZETxQ\startup_stm32l552xx.s
   Uses
      At line 93 in file RTE\Device\STM32L552ZETxQ\startup_stm32l552xx.s
      At line 277 in file RTE\Device\STM32L552ZETxQ\startup_stm32l552xx.s

EXTI3_IRQHandler 0000001C

Symbol: EXTI3_IRQHandler
   Definitions
      At line 383 in file RTE\Device\STM32L552ZETxQ\startup_stm32l552xx.s



ARM Macro Assembler    Page 7 Alphabetic symbol ordering
Relocatable symbols

   Uses
      At line 94 in file RTE\Device\STM32L552ZETxQ\startup_stm32l552xx.s
      At line 278 in file RTE\Device\STM32L552ZETxQ\startup_stm32l552xx.s

EXTI4_IRQHandler 0000001C

Symbol: EXTI4_IRQHandler
   Definitions
      At line 384 in file RTE\Device\STM32L552ZETxQ\startup_stm32l552xx.s
   Uses
      At line 95 in file RTE\Device\STM32L552ZETxQ\startup_stm32l552xx.s
      At line 279 in file RTE\Device\STM32L552ZETxQ\startup_stm32l552xx.s

EXTI5_IRQHandler 0000001C

Symbol: EXTI5_IRQHandler
   Definitions
      At line 385 in file RTE\Device\STM32L552ZETxQ\startup_stm32l552xx.s
   Uses
      At line 96 in file RTE\Device\STM32L552ZETxQ\startup_stm32l552xx.s
      At line 280 in file RTE\Device\STM32L552ZETxQ\startup_stm32l552xx.s

EXTI6_IRQHandler 0000001C

Symbol: EXTI6_IRQHandler
   Definitions
      At line 386 in file RTE\Device\STM32L552ZETxQ\startup_stm32l552xx.s
   Uses
      At line 97 in file RTE\Device\STM32L552ZETxQ\startup_stm32l552xx.s
      At line 281 in file RTE\Device\STM32L552ZETxQ\startup_stm32l552xx.s

EXTI7_IRQHandler 0000001C

Symbol: EXTI7_IRQHandler
   Definitions
      At line 387 in file RTE\Device\STM32L552ZETxQ\startup_stm32l552xx.s
   Uses
      At line 98 in file RTE\Device\STM32L552ZETxQ\startup_stm32l552xx.s
      At line 282 in file RTE\Device\STM32L552ZETxQ\startup_stm32l552xx.s

EXTI8_IRQHandler 0000001C

Symbol: EXTI8_IRQHandler
   Definitions
      At line 388 in file RTE\Device\STM32L552ZETxQ\startup_stm32l552xx.s
   Uses
      At line 99 in file RTE\Device\STM32L552ZETxQ\startup_stm32l552xx.s
      At line 283 in file RTE\Device\STM32L552ZETxQ\startup_stm32l552xx.s

EXTI9_IRQHandler 0000001C

Symbol: EXTI9_IRQHandler
   Definitions
      At line 389 in file RTE\Device\STM32L552ZETxQ\startup_stm32l552xx.s
   Uses
      At line 100 in file RTE\Device\STM32L552ZETxQ\startup_stm32l552xx.s
      At line 284 in file RTE\Device\STM32L552ZETxQ\startup_stm32l552xx.s

FDCAN1_IT0_IRQHandler 0000001C



ARM Macro Assembler    Page 8 Alphabetic symbol ordering
Relocatable symbols


Symbol: FDCAN1_IT0_IRQHandler
   Definitions
      At line 408 in file RTE\Device\STM32L552ZETxQ\startup_stm32l552xx.s
   Uses
      At line 119 in file RTE\Device\STM32L552ZETxQ\startup_stm32l552xx.s
      At line 303 in file RTE\Device\STM32L552ZETxQ\startup_stm32l552xx.s

FDCAN1_IT1_IRQHandler 0000001C

Symbol: FDCAN1_IT1_IRQHandler
   Definitions
      At line 409 in file RTE\Device\STM32L552ZETxQ\startup_stm32l552xx.s
   Uses
      At line 120 in file RTE\Device\STM32L552ZETxQ\startup_stm32l552xx.s
      At line 304 in file RTE\Device\STM32L552ZETxQ\startup_stm32l552xx.s

FLASH_IRQHandler 0000001C

Symbol: FLASH_IRQHandler
   Definitions
      At line 375 in file RTE\Device\STM32L552ZETxQ\startup_stm32l552xx.s
   Uses
      At line 86 in file RTE\Device\STM32L552ZETxQ\startup_stm32l552xx.s
      At line 270 in file RTE\Device\STM32L552ZETxQ\startup_stm32l552xx.s

FLASH_S_IRQHandler 0000001C

Symbol: FLASH_S_IRQHandler
   Definitions
      At line 376 in file RTE\Device\STM32L552ZETxQ\startup_stm32l552xx.s
   Uses
      At line 87 in file RTE\Device\STM32L552ZETxQ\startup_stm32l552xx.s
      At line 271 in file RTE\Device\STM32L552ZETxQ\startup_stm32l552xx.s

FMC_IRQHandler 0000001C

Symbol: FMC_IRQHandler
   Definitions
      At line 444 in file RTE\Device\STM32L552ZETxQ\startup_stm32l552xx.s
   Uses
      At line 155 in file RTE\Device\STM32L552ZETxQ\startup_stm32l552xx.s
      At line 339 in file RTE\Device\STM32L552ZETxQ\startup_stm32l552xx.s

FPU_IRQHandler 0000001C

Symbol: FPU_IRQHandler
   Definitions
      At line 461 in file RTE\Device\STM32L552ZETxQ\startup_stm32l552xx.s
   Uses
      At line 175 in file RTE\Device\STM32L552ZETxQ\startup_stm32l552xx.s
      At line 356 in file RTE\Device\STM32L552ZETxQ\startup_stm32l552xx.s

GTZC_IRQHandler 0000001C

Symbol: GTZC_IRQHandler
   Definitions
      At line 377 in file RTE\Device\STM32L552ZETxQ\startup_stm32l552xx.s
   Uses



ARM Macro Assembler    Page 9 Alphabetic symbol ordering
Relocatable symbols

      At line 88 in file RTE\Device\STM32L552ZETxQ\startup_stm32l552xx.s
      At line 272 in file RTE\Device\STM32L552ZETxQ\startup_stm32l552xx.s

HASH_IRQHandler 0000001C

Symbol: HASH_IRQHandler
   Definitions
      At line 462 in file RTE\Device\STM32L552ZETxQ\startup_stm32l552xx.s
   Uses
      At line 176 in file RTE\Device\STM32L552ZETxQ\startup_stm32l552xx.s
      At line 357 in file RTE\Device\STM32L552ZETxQ\startup_stm32l552xx.s

HardFault_Handler 0000000A

Symbol: HardFault_Handler
   Definitions
      At line 217 in file RTE\Device\STM32L552ZETxQ\startup_stm32l552xx.s
   Uses
      At line 65 in file RTE\Device\STM32L552ZETxQ\startup_stm32l552xx.s
      At line 218 in file RTE\Device\STM32L552ZETxQ\startup_stm32l552xx.s

I2C1_ER_IRQHandler 0000001C

Symbol: I2C1_ER_IRQHandler
   Definitions
      At line 425 in file RTE\Device\STM32L552ZETxQ\startup_stm32l552xx.s
   Uses
      At line 136 in file RTE\Device\STM32L552ZETxQ\startup_stm32l552xx.s
      At line 320 in file RTE\Device\STM32L552ZETxQ\startup_stm32l552xx.s

I2C1_EV_IRQHandler 0000001C

Symbol: I2C1_EV_IRQHandler
   Definitions
      At line 424 in file RTE\Device\STM32L552ZETxQ\startup_stm32l552xx.s
   Uses
      At line 135 in file RTE\Device\STM32L552ZETxQ\startup_stm32l552xx.s
      At line 319 in file RTE\Device\STM32L552ZETxQ\startup_stm32l552xx.s

I2C2_ER_IRQHandler 0000001C

Symbol: I2C2_ER_IRQHandler
   Definitions
      At line 427 in file RTE\Device\STM32L552ZETxQ\startup_stm32l552xx.s
   Uses
      At line 138 in file RTE\Device\STM32L552ZETxQ\startup_stm32l552xx.s
      At line 322 in file RTE\Device\STM32L552ZETxQ\startup_stm32l552xx.s

I2C2_EV_IRQHandler 0000001C

Symbol: I2C2_EV_IRQHandler
   Definitions
      At line 426 in file RTE\Device\STM32L552ZETxQ\startup_stm32l552xx.s
   Uses
      At line 137 in file RTE\Device\STM32L552ZETxQ\startup_stm32l552xx.s
      At line 321 in file RTE\Device\STM32L552ZETxQ\startup_stm32l552xx.s

I2C3_ER_IRQHandler 0000001C




ARM Macro Assembler    Page 10 Alphabetic symbol ordering
Relocatable symbols

Symbol: I2C3_ER_IRQHandler
   Definitions
      At line 456 in file RTE\Device\STM32L552ZETxQ\startup_stm32l552xx.s
   Uses
      At line 169 in file RTE\Device\STM32L552ZETxQ\startup_stm32l552xx.s
      At line 351 in file RTE\Device\STM32L552ZETxQ\startup_stm32l552xx.s

I2C3_EV_IRQHandler 0000001C

Symbol: I2C3_EV_IRQHandler
   Definitions
      At line 455 in file RTE\Device\STM32L552ZETxQ\startup_stm32l552xx.s
   Uses
      At line 168 in file RTE\Device\STM32L552ZETxQ\startup_stm32l552xx.s
      At line 350 in file RTE\Device\STM32L552ZETxQ\startup_stm32l552xx.s

I2C4_ER_IRQHandler 0000001C

Symbol: I2C4_ER_IRQHandler
   Definitions
      At line 465 in file RTE\Device\STM32L552ZETxQ\startup_stm32l552xx.s
   Uses
      At line 180 in file RTE\Device\STM32L552ZETxQ\startup_stm32l552xx.s
      At line 360 in file RTE\Device\STM32L552ZETxQ\startup_stm32l552xx.s

I2C4_EV_IRQHandler 0000001C

Symbol: I2C4_EV_IRQHandler
   Definitions
      At line 466 in file RTE\Device\STM32L552ZETxQ\startup_stm32l552xx.s
   Uses
      At line 181 in file RTE\Device\STM32L552ZETxQ\startup_stm32l552xx.s
      At line 361 in file RTE\Device\STM32L552ZETxQ\startup_stm32l552xx.s

ICACHE_IRQHandler 0000001C

Symbol: ICACHE_IRQHandler
   Definitions
      At line 472 in file RTE\Device\STM32L552ZETxQ\startup_stm32l552xx.s
   Uses
      At line 187 in file RTE\Device\STM32L552ZETxQ\startup_stm32l552xx.s
      At line 367 in file RTE\Device\STM32L552ZETxQ\startup_stm32l552xx.s

LPTIM1_IRQHandler 0000001C

Symbol: LPTIM1_IRQHandler
   Definitions
      At line 436 in file RTE\Device\STM32L552ZETxQ\startup_stm32l552xx.s
   Uses
      At line 147 in file RTE\Device\STM32L552ZETxQ\startup_stm32l552xx.s
      At line 331 in file RTE\Device\STM32L552ZETxQ\startup_stm32l552xx.s

LPTIM2_IRQHandler 0000001C

Symbol: LPTIM2_IRQHandler
   Definitions
      At line 437 in file RTE\Device\STM32L552ZETxQ\startup_stm32l552xx.s
   Uses
      At line 148 in file RTE\Device\STM32L552ZETxQ\startup_stm32l552xx.s



ARM Macro Assembler    Page 11 Alphabetic symbol ordering
Relocatable symbols

      At line 332 in file RTE\Device\STM32L552ZETxQ\startup_stm32l552xx.s

LPTIM3_IRQHandler 0000001C

Symbol: LPTIM3_IRQHandler
   Definitions
      At line 463 in file RTE\Device\STM32L552ZETxQ\startup_stm32l552xx.s
   Uses
      At line 178 in file RTE\Device\STM32L552ZETxQ\startup_stm32l552xx.s
      At line 358 in file RTE\Device\STM32L552ZETxQ\startup_stm32l552xx.s

LPUART1_IRQHandler 0000001C

Symbol: LPUART1_IRQHandler
   Definitions
      At line 435 in file RTE\Device\STM32L552ZETxQ\startup_stm32l552xx.s
   Uses
      At line 146 in file RTE\Device\STM32L552ZETxQ\startup_stm32l552xx.s
      At line 330 in file RTE\Device\STM32L552ZETxQ\startup_stm32l552xx.s

MemManage_Handler 0000000C

Symbol: MemManage_Handler
   Definitions
      At line 222 in file RTE\Device\STM32L552ZETxQ\startup_stm32l552xx.s
   Uses
      At line 66 in file RTE\Device\STM32L552ZETxQ\startup_stm32l552xx.s
      At line 223 in file RTE\Device\STM32L552ZETxQ\startup_stm32l552xx.s

NMI_Handler 00000008

Symbol: NMI_Handler
   Definitions
      At line 212 in file RTE\Device\STM32L552ZETxQ\startup_stm32l552xx.s
   Uses
      At line 64 in file RTE\Device\STM32L552ZETxQ\startup_stm32l552xx.s
      At line 213 in file RTE\Device\STM32L552ZETxQ\startup_stm32l552xx.s

OCTOSPI1_IRQHandler 0000001C

Symbol: OCTOSPI1_IRQHandler
   Definitions
      At line 445 in file RTE\Device\STM32L552ZETxQ\startup_stm32l552xx.s
   Uses
      At line 156 in file RTE\Device\STM32L552ZETxQ\startup_stm32l552xx.s
      At line 340 in file RTE\Device\STM32L552ZETxQ\startup_stm32l552xx.s

PVD_PVM_IRQHandler 0000001C

Symbol: PVD_PVM_IRQHandler
   Definitions
      At line 370 in file RTE\Device\STM32L552ZETxQ\startup_stm32l552xx.s
   Uses
      At line 81 in file RTE\Device\STM32L552ZETxQ\startup_stm32l552xx.s
      At line 265 in file RTE\Device\STM32L552ZETxQ\startup_stm32l552xx.s

PendSV_Handler 00000018

Symbol: PendSV_Handler



ARM Macro Assembler    Page 12 Alphabetic symbol ordering
Relocatable symbols

   Definitions
      At line 252 in file RTE\Device\STM32L552ZETxQ\startup_stm32l552xx.s
   Uses
      At line 76 in file RTE\Device\STM32L552ZETxQ\startup_stm32l552xx.s
      At line 253 in file RTE\Device\STM32L552ZETxQ\startup_stm32l552xx.s

RCC_IRQHandler 0000001C

Symbol: RCC_IRQHandler
   Definitions
      At line 378 in file RTE\Device\STM32L552ZETxQ\startup_stm32l552xx.s
   Uses
      At line 89 in file RTE\Device\STM32L552ZETxQ\startup_stm32l552xx.s
      At line 273 in file RTE\Device\STM32L552ZETxQ\startup_stm32l552xx.s

RCC_S_IRQHandler 0000001C

Symbol: RCC_S_IRQHandler
   Definitions
      At line 379 in file RTE\Device\STM32L552ZETxQ\startup_stm32l552xx.s
   Uses
      At line 90 in file RTE\Device\STM32L552ZETxQ\startup_stm32l552xx.s
      At line 274 in file RTE\Device\STM32L552ZETxQ\startup_stm32l552xx.s

RNG_IRQHandler 0000001C

Symbol: RNG_IRQHandler
   Definitions
      At line 460 in file RTE\Device\STM32L552ZETxQ\startup_stm32l552xx.s
   Uses
      At line 174 in file RTE\Device\STM32L552ZETxQ\startup_stm32l552xx.s
      At line 355 in file RTE\Device\STM32L552ZETxQ\startup_stm32l552xx.s

RTC_IRQHandler 0000001C

Symbol: RTC_IRQHandler
   Definitions
      At line 371 in file RTE\Device\STM32L552ZETxQ\startup_stm32l552xx.s
   Uses
      At line 82 in file RTE\Device\STM32L552ZETxQ\startup_stm32l552xx.s
      At line 266 in file RTE\Device\STM32L552ZETxQ\startup_stm32l552xx.s

RTC_S_IRQHandler 0000001C

Symbol: RTC_S_IRQHandler
   Definitions
      At line 372 in file RTE\Device\STM32L552ZETxQ\startup_stm32l552xx.s
   Uses
      At line 83 in file RTE\Device\STM32L552ZETxQ\startup_stm32l552xx.s
      At line 267 in file RTE\Device\STM32L552ZETxQ\startup_stm32l552xx.s

Reset_Handler 00000000

Symbol: Reset_Handler
   Definitions
      At line 198 in file RTE\Device\STM32L552ZETxQ\startup_stm32l552xx.s
   Uses
      At line 63 in file RTE\Device\STM32L552ZETxQ\startup_stm32l552xx.s
      At line 199 in file RTE\Device\STM32L552ZETxQ\startup_stm32l552xx.s



ARM Macro Assembler    Page 13 Alphabetic symbol ordering
Relocatable symbols


SAI1_IRQHandler 0000001C

Symbol: SAI1_IRQHandler
   Definitions
      At line 457 in file RTE\Device\STM32L552ZETxQ\startup_stm32l552xx.s
   Uses
      At line 170 in file RTE\Device\STM32L552ZETxQ\startup_stm32l552xx.s
      At line 352 in file RTE\Device\STM32L552ZETxQ\startup_stm32l552xx.s

SAI2_IRQHandler 0000001C

Symbol: SAI2_IRQHandler
   Definitions
      At line 458 in file RTE\Device\STM32L552ZETxQ\startup_stm32l552xx.s
   Uses
      At line 171 in file RTE\Device\STM32L552ZETxQ\startup_stm32l552xx.s
      At line 353 in file RTE\Device\STM32L552ZETxQ\startup_stm32l552xx.s

SDMMC1_IRQHandler 0000001C

Symbol: SDMMC1_IRQHandler
   Definitions
      At line 446 in file RTE\Device\STM32L552ZETxQ\startup_stm32l552xx.s
   Uses
      At line 158 in file RTE\Device\STM32L552ZETxQ\startup_stm32l552xx.s
      At line 341 in file RTE\Device\STM32L552ZETxQ\startup_stm32l552xx.s

SPI1_IRQHandler 0000001C

Symbol: SPI1_IRQHandler
   Definitions
      At line 428 in file RTE\Device\STM32L552ZETxQ\startup_stm32l552xx.s
   Uses
      At line 139 in file RTE\Device\STM32L552ZETxQ\startup_stm32l552xx.s
      At line 323 in file RTE\Device\STM32L552ZETxQ\startup_stm32l552xx.s

SPI2_IRQHandler 0000001C

Symbol: SPI2_IRQHandler
   Definitions
      At line 429 in file RTE\Device\STM32L552ZETxQ\startup_stm32l552xx.s
   Uses
      At line 140 in file RTE\Device\STM32L552ZETxQ\startup_stm32l552xx.s
      At line 324 in file RTE\Device\STM32L552ZETxQ\startup_stm32l552xx.s

SPI3_IRQHandler 0000001C

Symbol: SPI3_IRQHandler
   Definitions
      At line 464 in file RTE\Device\STM32L552ZETxQ\startup_stm32l552xx.s
   Uses
      At line 179 in file RTE\Device\STM32L552ZETxQ\startup_stm32l552xx.s
      At line 359 in file RTE\Device\STM32L552ZETxQ\startup_stm32l552xx.s

SVC_Handler 00000014

Symbol: SVC_Handler
   Definitions



ARM Macro Assembler    Page 14 Alphabetic symbol ordering
Relocatable symbols

      At line 242 in file RTE\Device\STM32L552ZETxQ\startup_stm32l552xx.s
   Uses
      At line 73 in file RTE\Device\STM32L552ZETxQ\startup_stm32l552xx.s
      At line 243 in file RTE\Device\STM32L552ZETxQ\startup_stm32l552xx.s

SecureFault_Handler 00000012

Symbol: SecureFault_Handler
   Definitions
      At line 237 in file RTE\Device\STM32L552ZETxQ\startup_stm32l552xx.s
   Uses
      At line 69 in file RTE\Device\STM32L552ZETxQ\startup_stm32l552xx.s
      At line 238 in file RTE\Device\STM32L552ZETxQ\startup_stm32l552xx.s

SysTick_Handler 0000001A

Symbol: SysTick_Handler
   Definitions
      At line 257 in file RTE\Device\STM32L552ZETxQ\startup_stm32l552xx.s
   Uses
      At line 77 in file RTE\Device\STM32L552ZETxQ\startup_stm32l552xx.s
      At line 258 in file RTE\Device\STM32L552ZETxQ\startup_stm32l552xx.s

TAMP_IRQHandler 0000001C

Symbol: TAMP_IRQHandler
   Definitions
      At line 373 in file RTE\Device\STM32L552ZETxQ\startup_stm32l552xx.s
   Uses
      At line 84 in file RTE\Device\STM32L552ZETxQ\startup_stm32l552xx.s
      At line 268 in file RTE\Device\STM32L552ZETxQ\startup_stm32l552xx.s

TAMP_S_IRQHandler 0000001C

Symbol: TAMP_S_IRQHandler
   Definitions
      At line 374 in file RTE\Device\STM32L552ZETxQ\startup_stm32l552xx.s
   Uses
      At line 85 in file RTE\Device\STM32L552ZETxQ\startup_stm32l552xx.s
      At line 269 in file RTE\Device\STM32L552ZETxQ\startup_stm32l552xx.s

TIM15_IRQHandler 0000001C

Symbol: TIM15_IRQHandler
   Definitions
      At line 438 in file RTE\Device\STM32L552ZETxQ\startup_stm32l552xx.s
   Uses
      At line 149 in file RTE\Device\STM32L552ZETxQ\startup_stm32l552xx.s
      At line 333 in file RTE\Device\STM32L552ZETxQ\startup_stm32l552xx.s

TIM16_IRQHandler 0000001C

Symbol: TIM16_IRQHandler
   Definitions
      At line 439 in file RTE\Device\STM32L552ZETxQ\startup_stm32l552xx.s
   Uses
      At line 150 in file RTE\Device\STM32L552ZETxQ\startup_stm32l552xx.s
      At line 334 in file RTE\Device\STM32L552ZETxQ\startup_stm32l552xx.s




ARM Macro Assembler    Page 15 Alphabetic symbol ordering
Relocatable symbols

TIM17_IRQHandler 0000001C

Symbol: TIM17_IRQHandler
   Definitions
      At line 440 in file RTE\Device\STM32L552ZETxQ\startup_stm32l552xx.s
   Uses
      At line 151 in file RTE\Device\STM32L552ZETxQ\startup_stm32l552xx.s
      At line 335 in file RTE\Device\STM32L552ZETxQ\startup_stm32l552xx.s

TIM1_BRK_IRQHandler 0000001C

Symbol: TIM1_BRK_IRQHandler
   Definitions
      At line 410 in file RTE\Device\STM32L552ZETxQ\startup_stm32l552xx.s
   Uses
      At line 121 in file RTE\Device\STM32L552ZETxQ\startup_stm32l552xx.s
      At line 305 in file RTE\Device\STM32L552ZETxQ\startup_stm32l552xx.s

TIM1_CC_IRQHandler 0000001C

Symbol: TIM1_CC_IRQHandler
   Definitions
      At line 413 in file RTE\Device\STM32L552ZETxQ\startup_stm32l552xx.s
   Uses
      At line 124 in file RTE\Device\STM32L552ZETxQ\startup_stm32l552xx.s
      At line 308 in file RTE\Device\STM32L552ZETxQ\startup_stm32l552xx.s

TIM1_TRG_COM_IRQHandler 0000001C

Symbol: TIM1_TRG_COM_IRQHandler
   Definitions
      At line 412 in file RTE\Device\STM32L552ZETxQ\startup_stm32l552xx.s
   Uses
      At line 123 in file RTE\Device\STM32L552ZETxQ\startup_stm32l552xx.s
      At line 307 in file RTE\Device\STM32L552ZETxQ\startup_stm32l552xx.s

TIM1_UP_IRQHandler 0000001C

Symbol: TIM1_UP_IRQHandler
   Definitions
      At line 411 in file RTE\Device\STM32L552ZETxQ\startup_stm32l552xx.s
   Uses
      At line 122 in file RTE\Device\STM32L552ZETxQ\startup_stm32l552xx.s
      At line 306 in file RTE\Device\STM32L552ZETxQ\startup_stm32l552xx.s

TIM2_IRQHandler 0000001C

Symbol: TIM2_IRQHandler
   Definitions
      At line 414 in file RTE\Device\STM32L552ZETxQ\startup_stm32l552xx.s
   Uses
      At line 125 in file RTE\Device\STM32L552ZETxQ\startup_stm32l552xx.s
      At line 309 in file RTE\Device\STM32L552ZETxQ\startup_stm32l552xx.s

TIM3_IRQHandler 0000001C

Symbol: TIM3_IRQHandler
   Definitions
      At line 415 in file RTE\Device\STM32L552ZETxQ\startup_stm32l552xx.s



ARM Macro Assembler    Page 16 Alphabetic symbol ordering
Relocatable symbols

   Uses
      At line 126 in file RTE\Device\STM32L552ZETxQ\startup_stm32l552xx.s
      At line 310 in file RTE\Device\STM32L552ZETxQ\startup_stm32l552xx.s

TIM4_IRQHandler 0000001C

Symbol: TIM4_IRQHandler
   Definitions
      At line 416 in file RTE\Device\STM32L552ZETxQ\startup_stm32l552xx.s
   Uses
      At line 127 in file RTE\Device\STM32L552ZETxQ\startup_stm32l552xx.s
      At line 311 in file RTE\Device\STM32L552ZETxQ\startup_stm32l552xx.s

TIM5_IRQHandler 0000001C

Symbol: TIM5_IRQHandler
   Definitions
      At line 417 in file RTE\Device\STM32L552ZETxQ\startup_stm32l552xx.s
   Uses
      At line 128 in file RTE\Device\STM32L552ZETxQ\startup_stm32l552xx.s
      At line 312 in file RTE\Device\STM32L552ZETxQ\startup_stm32l552xx.s

TIM6_IRQHandler 0000001C

Symbol: TIM6_IRQHandler
   Definitions
      At line 418 in file RTE\Device\STM32L552ZETxQ\startup_stm32l552xx.s
   Uses
      At line 129 in file RTE\Device\STM32L552ZETxQ\startup_stm32l552xx.s
      At line 313 in file RTE\Device\STM32L552ZETxQ\startup_stm32l552xx.s

TIM7_IRQHandler 0000001C

Symbol: TIM7_IRQHandler
   Definitions
      At line 419 in file RTE\Device\STM32L552ZETxQ\startup_stm32l552xx.s
   Uses
      At line 130 in file RTE\Device\STM32L552ZETxQ\startup_stm32l552xx.s
      At line 314 in file RTE\Device\STM32L552ZETxQ\startup_stm32l552xx.s

TIM8_BRK_IRQHandler 0000001C

Symbol: TIM8_BRK_IRQHandler
   Definitions
      At line 420 in file RTE\Device\STM32L552ZETxQ\startup_stm32l552xx.s
   Uses
      At line 131 in file RTE\Device\STM32L552ZETxQ\startup_stm32l552xx.s
      At line 315 in file RTE\Device\STM32L552ZETxQ\startup_stm32l552xx.s

TIM8_CC_IRQHandler 0000001C

Symbol: TIM8_CC_IRQHandler
   Definitions
      At line 423 in file RTE\Device\STM32L552ZETxQ\startup_stm32l552xx.s
   Uses
      At line 134 in file RTE\Device\STM32L552ZETxQ\startup_stm32l552xx.s
      At line 318 in file RTE\Device\STM32L552ZETxQ\startup_stm32l552xx.s

TIM8_TRG_COM_IRQHandler 0000001C



ARM Macro Assembler    Page 17 Alphabetic symbol ordering
Relocatable symbols


Symbol: TIM8_TRG_COM_IRQHandler
   Definitions
      At line 422 in file RTE\Device\STM32L552ZETxQ\startup_stm32l552xx.s
   Uses
      At line 133 in file RTE\Device\STM32L552ZETxQ\startup_stm32l552xx.s
      At line 317 in file RTE\Device\STM32L552ZETxQ\startup_stm32l552xx.s

TIM8_UP_IRQHandler 0000001C

Symbol: TIM8_UP_IRQHandler
   Definitions
      At line 421 in file RTE\Device\STM32L552ZETxQ\startup_stm32l552xx.s
   Uses
      At line 132 in file RTE\Device\STM32L552ZETxQ\startup_stm32l552xx.s
      At line 316 in file RTE\Device\STM32L552ZETxQ\startup_stm32l552xx.s

TSC_IRQHandler 0000001C

Symbol: TSC_IRQHandler
   Definitions
      At line 459 in file RTE\Device\STM32L552ZETxQ\startup_stm32l552xx.s
   Uses
      At line 172 in file RTE\Device\STM32L552ZETxQ\startup_stm32l552xx.s
      At line 354 in file RTE\Device\STM32L552ZETxQ\startup_stm32l552xx.s

UART4_IRQHandler 0000001C

Symbol: UART4_IRQHandler
   Definitions
      At line 433 in file RTE\Device\STM32L552ZETxQ\startup_stm32l552xx.s
   Uses
      At line 144 in file RTE\Device\STM32L552ZETxQ\startup_stm32l552xx.s
      At line 328 in file RTE\Device\STM32L552ZETxQ\startup_stm32l552xx.s

UART5_IRQHandler 0000001C

Symbol: UART5_IRQHandler
   Definitions
      At line 434 in file RTE\Device\STM32L552ZETxQ\startup_stm32l552xx.s
   Uses
      At line 145 in file RTE\Device\STM32L552ZETxQ\startup_stm32l552xx.s
      At line 329 in file RTE\Device\STM32L552ZETxQ\startup_stm32l552xx.s

UCPD1_IRQHandler 0000001C

Symbol: UCPD1_IRQHandler
   Definitions
      At line 471 in file RTE\Device\STM32L552ZETxQ\startup_stm32l552xx.s
   Uses
      At line 186 in file RTE\Device\STM32L552ZETxQ\startup_stm32l552xx.s
      At line 366 in file RTE\Device\STM32L552ZETxQ\startup_stm32l552xx.s

USART1_IRQHandler 0000001C

Symbol: USART1_IRQHandler
   Definitions
      At line 430 in file RTE\Device\STM32L552ZETxQ\startup_stm32l552xx.s
   Uses



ARM Macro Assembler    Page 18 Alphabetic symbol ordering
Relocatable symbols

      At line 141 in file RTE\Device\STM32L552ZETxQ\startup_stm32l552xx.s
      At line 325 in file RTE\Device\STM32L552ZETxQ\startup_stm32l552xx.s

USART2_IRQHandler 0000001C

Symbol: USART2_IRQHandler
   Definitions
      At line 431 in file RTE\Device\STM32L552ZETxQ\startup_stm32l552xx.s
   Uses
      At line 142 in file RTE\Device\STM32L552ZETxQ\startup_stm32l552xx.s
      At line 326 in file RTE\Device\STM32L552ZETxQ\startup_stm32l552xx.s

USART3_IRQHandler 0000001C

Symbol: USART3_IRQHandler
   Definitions
      At line 432 in file RTE\Device\STM32L552ZETxQ\startup_stm32l552xx.s
   Uses
      At line 143 in file RTE\Device\STM32L552ZETxQ\startup_stm32l552xx.s
      At line 327 in file RTE\Device\STM32L552ZETxQ\startup_stm32l552xx.s

USB_FS_IRQHandler 0000001C

Symbol: USB_FS_IRQHandler
   Definitions
      At line 442 in file RTE\Device\STM32L552ZETxQ\startup_stm32l552xx.s
   Uses
      At line 153 in file RTE\Device\STM32L552ZETxQ\startup_stm32l552xx.s
      At line 337 in file RTE\Device\STM32L552ZETxQ\startup_stm32l552xx.s

UsageFault_Handler 00000010

Symbol: UsageFault_Handler
   Definitions
      At line 232 in file RTE\Device\STM32L552ZETxQ\startup_stm32l552xx.s
   Uses
      At line 68 in file RTE\Device\STM32L552ZETxQ\startup_stm32l552xx.s
      At line 233 in file RTE\Device\STM32L552ZETxQ\startup_stm32l552xx.s

WWDG_IRQHandler 0000001C

Symbol: WWDG_IRQHandler
   Definitions
      At line 369 in file RTE\Device\STM32L552ZETxQ\startup_stm32l552xx.s
   Uses
      At line 80 in file RTE\Device\STM32L552ZETxQ\startup_stm32l552xx.s
      At line 264 in file RTE\Device\STM32L552ZETxQ\startup_stm32l552xx.s

__user_initial_stackheap 00000020

Symbol: __user_initial_stackheap
   Definitions
      At line 494 in file RTE\Device\STM32L552ZETxQ\startup_stm32l552xx.s
   Uses
      At line 492 in file RTE\Device\STM32L552ZETxQ\startup_stm32l552xx.s
Comment: __user_initial_stackheap used once
118 symbols



ARM Macro Assembler    Page 1 Alphabetic symbol ordering
Absolute symbols

Heap_Size 00000200

Symbol: Heap_Size
   Definitions
      At line 43 in file RTE\Device\STM32L552ZETxQ\startup_stm32l552xx.s
   Uses
      At line 47 in file RTE\Device\STM32L552ZETxQ\startup_stm32l552xx.s
      At line 497 in file RTE\Device\STM32L552ZETxQ\startup_stm32l552xx.s

Stack_Size 00000400

Symbol: Stack_Size
   Definitions
      At line 32 in file RTE\Device\STM32L552ZETxQ\startup_stm32l552xx.s
   Uses
      At line 35 in file RTE\Device\STM32L552ZETxQ\startup_stm32l552xx.s
      At line 496 in file RTE\Device\STM32L552ZETxQ\startup_stm32l552xx.s

__Vectors_Size 000001F4

Symbol: __Vectors_Size
   Definitions
      At line 191 in file RTE\Device\STM32L552ZETxQ\startup_stm32l552xx.s
   Uses
      At line 60 in file RTE\Device\STM32L552ZETxQ\startup_stm32l552xx.s
Comment: __Vectors_Size used once
3 symbols



ARM Macro Assembler    Page 1 Alphabetic symbol ordering
External symbols

SystemInit 00000000

Symbol: SystemInit
   Definitions
      At line 200 in file RTE\Device\STM32L552ZETxQ\startup_stm32l552xx.s
   Uses
      At line 202 in file RTE\Device\STM32L552ZETxQ\startup_stm32l552xx.s
Comment: SystemInit used once
__main 00000000

Symbol: __main
   Definitions
      At line 201 in file RTE\Device\STM32L552ZETxQ\startup_stm32l552xx.s
   Uses
      At line 204 in file RTE\Device\STM32L552ZETxQ\startup_stm32l552xx.s
Comment: __main used once
__use_two_region_memory 00000000

Symbol: __use_two_region_memory
   Definitions
      At line 491 in file RTE\Device\STM32L552ZETxQ\startup_stm32l552xx.s
   Uses
      None
Comment: __use_two_region_memory unused
3 symbols
472 symbols in table
